#
# There is insufficient memory for the Java Runtime Environment to continue.
# Native memory allocation (mmap) failed to map 134217728 bytes for G1 virtual space
# Possible reasons:
#   The system is out of physical RAM or swap space
#   The process is running with CompressedOops enabled, and the Java Heap may be blocking the growth of the native heap
# Possible solutions:
#   Reduce memory load on the system
#   Increase physical memory or swap space
#   Check if swap backing store is full
#   Decrease Java heap size (-Xmx/-Xms)
#   Decrease number of Java threads
#   Decrease Java thread stack sizes (-Xss)
#   Set larger code cache with -XX:ReservedCodeCacheSize=
#   JVM is running with Unscaled Compressed Oops mode in which the Java heap is
#     placed in the first 4GB address space. The Java Heap base address is the
#     maximum limit for the native heap growth. Please use -XX:HeapBaseMinAddress
#     to set the Java Heap base and to place the Java Heap above 4GB virtual address.
# This output file may be truncated or incomplete.
#
#  Out of Memory Error (os_windows.cpp:3535), pid=5192, tid=16380
#
# JRE version:  (17.0.3+6) (build )
# Java VM: OpenJDK 64-Bit Server VM (17.0.3+6-LTS, mixed mode, sharing, tiered, compressed oops, compressed class ptrs, g1 gc, windows-amd64)
# No core dump will be written. Minidumps are not enabled by default on client versions of Windows
#

---------------  S U M M A R Y ------------

Command Line: -Dfile.encoding=windows-1252 -Duser.country=DE -Duser.language=de -Duser.variant pieritz.prince.CRMAPP.CrmAppApplication

Host: Intel(R) Core(TM) i5-7600 CPU @ 3.50GHz, 4 cores, 7G,  Windows 10 , 64 bit Build 19041 (10.0.19041.3031)
Time: Sun Jun 25 11:45:17 2023 Mitteleuropäische Sommerzeit elapsed time: 0.019745 seconds (0d 0h 0m 0s)

---------------  T H R E A D  ---------------

Current thread (0x000002877a4bfd90):  JavaThread "Unknown thread" [_thread_in_vm, id=16380, stack(0x000000a449e00000,0x000000a449f00000)]

Stack: [0x000000a449e00000,0x000000a449f00000]
Native frames: (J=compiled Java code, j=interpreted, Vv=VM code, C=native code)
V  [jvm.dll+0x645e5a]
V  [jvm.dll+0x7f6fc4]
V  [jvm.dll+0x7f877e]
V  [jvm.dll+0x7f8dd3]
V  [jvm.dll+0x234bb8]
V  [jvm.dll+0x642d9a]
V  [jvm.dll+0x637762]
V  [jvm.dll+0x2f2d09]
V  [jvm.dll+0x2f9ee6]
V  [jvm.dll+0x3459ea]
V  [jvm.dll+0x345c2f]
V  [jvm.dll+0x2c91a8]
V  [jvm.dll+0x2ca139]
V  [jvm.dll+0x7ca6e1]
V  [jvm.dll+0x352e01]
V  [jvm.dll+0x7aab0e]
V  [jvm.dll+0x3ce743]
V  [jvm.dll+0x3d0181]
C  [jli.dll+0x51af]
C  [ucrtbase.dll+0x21bb2]
C  [KERNEL32.DLL+0x17614]
C  [ntdll.dll+0x526f1]


---------------  P R O C E S S  ---------------

Threads class SMR info:
_java_thread_list=0x00007ff8af75d718, length=0, elements={
}

Java Threads: ( => current thread )

Other Threads:
  0x000002877a51b3e0 GCTaskThread "GC Thread#0" [stack: 0x000000a449f00000,0x000000a44a000000] [id=7840]
  0x000002877a52c9c0 ConcurrentGCThread "G1 Main Marker" [stack: 0x000000a44a000000,0x000000a44a100000] [id=12924]
  0x000002877a52e480 ConcurrentGCThread "G1 Conc#0" [stack: 0x000000a44a100000,0x000000a44a200000] [id=10524]

[error occurred during error reporting (printing all threads), id 0xc0000005, EXCEPTION_ACCESS_VIOLATION (0xc0000005) at pc=0x00007ff8aef4a397]

VM state: not at safepoint (not fully initialized)

VM Mutex/Monitor currently owned by a thread:  ([mutex/lock_event])
[0x000002877a4b0eb0] Heap_lock - owner thread: 0x000002877a4bfd90

Heap address: 0x0000000080800000, size: 2040 MB, Compressed Oops mode: 32-bit

CDS archive(s) mapped at: [0x0000000000000000-0x0000000000000000-0x0000000000000000), size 0, SharedBaseAddress: 0x0000000800000000, ArchiveRelocationMode: 0.
Narrow klass base: 0x0000000000000000, Narrow klass shift: 0, Narrow klass range: 0x0

GC Precious Log:
<Empty>

Heap:
 garbage-first heap   total 0K, used 0K [0x0000000080800000, 0x0000000100000000)
  region size 1024K, 0 young (0K), 0 survivors (0K)

[error occurred during error reporting (printing heap information), id 0xc0000005, EXCEPTION_ACCESS_VIOLATION (0xc0000005) at pc=0x00007ff8af30d929]

GC Heap History (0 events):
No events

Deoptimization events (0 events):
No events

Classes unloaded (0 events):
No events

Classes redefined (0 events):
No events

Internal exceptions (0 events):
No events

VM Operations (0 events):
No events

Events (1 events):
Event: 0.013 Loaded shared library C:\Users\Prince\.jdks\corretto-17.0.3\bin\java.dll


Dynamic libraries:
0x00007ff66d320000 - 0x00007ff66d32d000 	C:\Users\Prince\.jdks\corretto-17.0.3\bin\java.exe
0x00007ff8dfef0000 - 0x00007ff8e00e8000 	C:\WINDOWS\SYSTEM32\ntdll.dll
0x00007ff8dfcc0000 - 0x00007ff8dfd7f000 	C:\WINDOWS\System32\KERNEL32.DLL
0x00007ff8ddae0000 - 0x00007ff8dddd6000 	C:\WINDOWS\System32\KERNELBASE.dll
0x00007ff8dd720000 - 0x00007ff8dd820000 	C:\WINDOWS\System32\ucrtbase.dll
0x00007ff8c2400000 - 0x00007ff8c2415000 	C:\Users\Prince\.jdks\corretto-17.0.3\bin\VCRUNTIME140.dll
0x00007ff8c09d0000 - 0x00007ff8c09e8000 	C:\Users\Prince\.jdks\corretto-17.0.3\bin\jli.dll
0x00007ff8def40000 - 0x00007ff8df0dd000 	C:\WINDOWS\System32\USER32.dll
0x00007ff8dda10000 - 0x00007ff8dda32000 	C:\WINDOWS\System32\win32u.dll
0x00007ff8df0e0000 - 0x00007ff8df10c000 	C:\WINDOWS\System32\GDI32.dll
0x00007ff8dd5d0000 - 0x00007ff8dd6e5000 	C:\WINDOWS\System32\gdi32full.dll
0x00007ff8dda40000 - 0x00007ff8ddadd000 	C:\WINDOWS\System32\msvcp_win.dll
0x00007ff8cb4e0000 - 0x00007ff8cb77a000 	C:\WINDOWS\WinSxS\amd64_microsoft.windows.common-controls_6595b64144ccf1df_6.0.19041.1110_none_60b5254171f9507e\COMCTL32.dll
0x00007ff8df210000 - 0x00007ff8df2ae000 	C:\WINDOWS\System32\msvcrt.dll
0x00007ff8de0d0000 - 0x00007ff8de100000 	C:\WINDOWS\System32\IMM32.DLL
0x00007ff8b9670000 - 0x00007ff8b970b000 	C:\Users\Prince\.jdks\corretto-17.0.3\bin\msvcp140.dll
0x00007ff8aec70000 - 0x00007ff8af88b000 	C:\Users\Prince\.jdks\corretto-17.0.3\bin\server\jvm.dll
0x00007ff8df4e0000 - 0x00007ff8df58f000 	C:\WINDOWS\System32\ADVAPI32.dll
0x00007ff8dfd80000 - 0x00007ff8dfe1c000 	C:\WINDOWS\System32\sechost.dll
0x00007ff8de160000 - 0x00007ff8de286000 	C:\WINDOWS\System32\RPCRT4.dll
0x00007ff8df5f0000 - 0x00007ff8df5f8000 	C:\WINDOWS\System32\PSAPI.DLL
0x00007ff8d2350000 - 0x00007ff8d2359000 	C:\WINDOWS\SYSTEM32\WSOCK32.dll
0x00007ff8d4b40000 - 0x00007ff8d4b67000 	C:\WINDOWS\SYSTEM32\WINMM.dll
0x00007ff8de060000 - 0x00007ff8de0cb000 	C:\WINDOWS\System32\WS2_32.dll
0x00007ff8d5d40000 - 0x00007ff8d5d4a000 	C:\WINDOWS\SYSTEM32\VERSION.dll
0x00007ff8db460000 - 0x00007ff8db472000 	C:\WINDOWS\SYSTEM32\kernel.appcore.dll
0x00007ff8c4ae0000 - 0x00007ff8c4aea000 	C:\Users\Prince\.jdks\corretto-17.0.3\bin\jimage.dll
0x00007ff8cd7a0000 - 0x00007ff8cd984000 	C:\WINDOWS\SYSTEM32\DBGHELP.DLL
0x00007ff8cec40000 - 0x00007ff8cec74000 	C:\WINDOWS\SYSTEM32\dbgcore.DLL
0x00007ff8dd980000 - 0x00007ff8dda02000 	C:\WINDOWS\System32\bcryptPrimitives.dll
0x00007ff8bc900000 - 0x00007ff8bc925000 	C:\Users\Prince\.jdks\corretto-17.0.3\bin\java.dll

dbghelp: loaded successfully - version: 4.0.5 - missing functions: none
symbol engine: initialized successfully - sym options: 0x614 - pdb path: .;C:\Users\Prince\.jdks\corretto-17.0.3\bin;C:\WINDOWS\SYSTEM32;C:\WINDOWS\WinSxS\amd64_microsoft.windows.common-controls_6595b64144ccf1df_6.0.19041.1110_none_60b5254171f9507e;C:\Users\Prince\.jdks\corretto-17.0.3\bin\server

VM Arguments:
jvm_args: -Dfile.encoding=windows-1252 -Duser.country=DE -Duser.language=de -Duser.variant 
java_command: pieritz.prince.CRMAPP.CrmAppApplication
java_class_path (initial): C:\Users\Prince\Desktop\CRM-App\backend\build\classes\java\main;C:\Users\Prince\Desktop\CRM-App\backend\build\resources\main;C:\Users\Prince\.gradle\caches\modules-2\files-2.1\org.springframework.boot\spring-boot-starter-data-jpa\3.1.0\1a53916d640ad5d27ba3a3c3d053c9c90ab35bcc\spring-boot-starter-data-jpa-3.1.0.jar;C:\Users\Prince\.gradle\caches\modules-2\files-2.1\org.springframework.boot\spring-boot-starter-data-rest\3.1.0\af916c26f9ab243c08f2cb3faad5e21073e3c522\spring-boot-starter-data-rest-3.1.0.jar;C:\Users\Prince\.gradle\caches\modules-2\files-2.1\org.springframework.boot\spring-boot-starter-security\3.1.0\dc6b33555f7dae360e19004e9dd7a4ecb1ddc560\spring-boot-starter-security-3.1.0.jar;C:\Users\Prince\.gradle\caches\modules-2\files-2.1\io.jsonwebtoken\jjwt-impl\0.11.5\40a599f0e8a8e4e0701596fbb15e67bfda64fdf0\jjwt-impl-0.11.5.jar;C:\Users\Prince\.gradle\caches\modules-2\files-2.1\io.jsonwebtoken\jjwt-jackson\0.11.5\3b83a06809e98a69402d7333dcf67df6f6ea4579\jjwt-jackson-0.11.5.jar;C:\Users\Prince\.gradle\caches\modules-2\files-2.1\io.jsonwebtoken\jjwt-api\0.11.5\f742940045619d06383e7df37b21ac422b476cf1\jjwt-api-0.11.5.jar;C:\Users\Prince\.gradle\caches\modules-2\files-2.1\com.mysql\mysql-connector-j\8.0.33\9e64d997873abc4318620264703d3fdb6b02dd5a\mysql-connector-j-8.0.33.jar;C:\Users\Prince\.gradle\caches\modules-2\files-2.1\org.springframework.boot\spring-boot-starter-aop\3.1.0\417ff6178235117614e2673ad9c24fd530437deb\spring-boot-starter-aop-3.1.0.jar;C:\Users\Prince\.gradle\caches\modules-2\files-2.1\org.springframework.boot\spring-boot-starter-jdbc\3.1.0\1a828c8ec6fd10bb13cf7732799b236b096a4c4a\spring-boot-starter-jdbc-3.1.0.jar;C:\Users\Prince\.gradle\caches\modules-2\files-2.1\org.hibernate.orm\hibernate-core\6.2.2.Final\56cacc4b7b1c887174c73e9c206bdef6272f87e7\hibernate-core-6.2.2.Final.jar;C:\Users\Prince\.gradle\caches\modules-2\files-2.1\org.springframework.data\spring-data-jpa\3.1.0\bed32c8c47d3493091dd6aafd95adba610d9adeb\sp
Launcher Type: SUN_STANDARD

[Global flags]
     intx CICompilerCount                          = 3                                         {product} {ergonomic}
     uint ConcGCThreads                            = 1                                         {product} {ergonomic}
     uint G1ConcRefinementThreads                  = 4                                         {product} {ergonomic}
   size_t G1HeapRegionSize                         = 1048576                                   {product} {ergonomic}
    uintx GCDrainStackTargetSize                   = 64                                        {product} {ergonomic}
   size_t InitialHeapSize                          = 134217728                                 {product} {ergonomic}
   size_t MarkStackSize                            = 4194304                                   {product} {ergonomic}
   size_t MaxHeapSize                              = 2139095040                                {product} {ergonomic}
   size_t MinHeapDeltaBytes                        = 1048576                                   {product} {ergonomic}
   size_t MinHeapSize                              = 8388608                                   {product} {ergonomic}
    uintx NonNMethodCodeHeapSize                   = 5832780                                {pd product} {ergonomic}
    uintx NonProfiledCodeHeapSize                  = 122912730                              {pd product} {ergonomic}
    uintx ProfiledCodeHeapSize                     = 122912730                              {pd product} {ergonomic}
    uintx ReservedCodeCacheSize                    = 251658240                              {pd product} {ergonomic}
     bool SegmentedCodeCache                       = true                                      {product} {ergonomic}
   size_t SoftMaxHeapSize                          = 2139095040                             {manageable} {ergonomic}
     bool UseCompressedClassPointers               = true                           {product lp64_product} {ergonomic}
     bool UseCompressedOops                        = true                           {product lp64_product} {ergonomic}
     bool UseG1GC                                  = true                                      {product} {ergonomic}
     bool UseLargePagesIndividualAllocation        = false                                  {pd product} {ergonomic}

Logging:
Log output configuration:
 #0: stdout all=warning uptime,level,tags
 #1: stderr all=off uptime,level,tags

Environment Variables:
JAVA_HOME=C:\Program Files\Java\jdk-17
PATH=C:\Program Files\Common Files\Oracle\Java\javapath;C:\Python311\Scripts\;C:\Python311\;C:\Python39\Scripts\;C:\Python39\;C:\Program Files\Java\jdk-13.0.1\bin;C:\Program Files\Java\jdk-10.0.2;C:\Program Files\Java\jre-10.0.2\bin;C:\ProgramData\Oracle\Java\javapath;C:\WINDOWS\system32;C:\WINDOWS;C:\WINDOWS\System32\Wbem;C:\WINDOWS\System32\WindowsPowerShell\v1.0\;C:\WINDOWS\System32\OpenSSH\;C:\Program Files (x86)\Common Files\Oracle\Java\javapath;C:\Program Files\Java\jdk-17\bin;C:\ProgramData\chocolatey\bin;C:\Program Files\Git\cmd;C:\Program Files\dotnet\;C:\Program Files (x86)\dotnet\;C:\Program Files\apache-maven-3.8.6\bin;c:\Program Files\OpenSSL-Win64\bin;C:\Gradle\gradle-8.0.2\bin;C:\Program Files\Java\jdk-17\bin;;C:\Program Files\nodejs\;C:\Program Files\Amazon\AWSCLIV2\;C:\Program Files\Docker\Docker\resources\bin;C:\Program Files\Java\jdk-17\bin;C:\Users\Prince\AppData\Local\Microsoft\WindowsApps;C:\Users\Prince\AppData\Local\Microsoft\WindowsApps;D:\Program Files\JetBrains\IntelliJ IDEA Community Edition 2020.1.4\bin;C:\Users\Prince\AppData\Local\Programs\Microsoft VS Code\bin;D:\Program Files\JetBrains\IntelliJ IDEA Community Edition 2023.1.3\bin;;C:\Program Files\JetBrains\PyCharm Community Edition 2022.1\bin;;C:\Users\Prince\.dotnet\tools;C:\Program Files\JetBrains\IntelliJ IDEA 2022.1.3\bin;;C:\Users\Prince\AppData\Roaming\npm;C:\Program Files\heroku\bin
USERNAME=Prince
OS=Windows_NT
PROCESSOR_IDENTIFIER=Intel64 Family 6 Model 158 Stepping 9, GenuineIntel



---------------  S Y S T E M  ---------------

OS:
 Windows 10 , 64 bit Build 19041 (10.0.19041.3031)
OS uptime: 0 days 0:13 hours
Hyper-V role detected

CPU: total 4 (initial active 4) (4 cores per cpu, 1 threads per core) family 6 model 158 stepping 9 microcode 0xb4, cx8, cmov, fxsr, mmx, 3dnowpref, sse, sse2, sse3, ssse3, sse4.1, sse4.2, popcnt, lzcnt, tsc, tscinvbit, avx, avx2, aes, erms, clmul, bmi1, bmi2, rtm, adx, fma, vzeroupper, clflush, clflushopt, hv

Memory: 4k page, system-wide physical 8155M (388M free)
TotalPageFile size 12229M (AvailPageFile size 93M)
current process WorkingSet (physical memory assigned to process): 10M, peak: 10M
current process commit charge ("private bytes"): 51M, peak: 179M

vm_info: OpenJDK 64-Bit Server VM (17.0.3+6-LTS) for windows-amd64 JRE (17.0.3+6-LTS), built on Apr 15 2022 22:16:02 by "Administrator" with MS VC++ 15.9 (VS2017)

END.
